<?xml version="1.0" encoding="UTF-8"?>
<!-- Generated by org.testng.reporters.JUnitReportReporter -->
<testsuite skipped="0" hostname="DESKTOP-LCIKN7Q" name="com.nopcommerce.user.Level_13_Register_Login_Log_Report_HTML" tests="2" failures="0" timestamp="28 Jul 2021 15:58:13 GMT" time="29.643" errors="0">
  <testcase name="TC_02_LoginToSystem" time="23.033" classname="com.nopcommerce.user.Level_13_Register_Login_Log_Report_HTML"/>
  <testcase name="TC_01_RegisterToSystem" time="6.610" classname="com.nopcommerce.user.Level_13_Register_Login_Log_Report_HTML"/>
</testsuite> <!-- com.nopcommerce.user.Level_13_Register_Login_Log_Report_HTML -->
